\BOOKMARK [0][]{dummy.1}{\376\377\000A\000b\000s\000t\000r\000a\000c\000t}{}% 1
\BOOKMARK [0][]{dummy.2}{\376\377\000L\000i\000s\000t\000\040\000o\000f\000\040\000F\000i\000g\000u\000r\000e\000s}{}% 2
\BOOKMARK [0][]{dummy.3}{\376\377\000L\000i\000s\000t\000\040\000o\000f\000\040\000T\000a\000b\000l\000e\000s}{}% 3
\BOOKMARK [0][]{dummy.4}{\376\377\000L\000i\000s\000t\000\040\000o\000f\000\040\000A\000u\000t\000h\000o\000r\000'\000s\000\040\000P\000u\000b\000l\000i\000c\000a\000t\000i\000o\000n\000s}{}% 4
\BOOKMARK [0][]{chapter.1}{\376\377\0001\000\040\000I\000n\000t\000r\000o\000d\000u\000c\000t\000i\000o\000n}{}% 5
\BOOKMARK [1][-]{section.1.1}{\376\377\0001\000.\0001\000\040\000M\000o\000t\000i\000v\000a\000t\000i\000o\000n\000\040\000a\000n\000d\000\040\000C\000h\000a\000l\000l\000e\000n\000g\000e}{chapter.1}% 6
\BOOKMARK [1][-]{section.1.2}{\376\377\0001\000.\0002\000\040\000M\000a\000i\000n\000\040\000W\000o\000r\000k\000\040\000a\000n\000d\000\040\000C\000o\000n\000t\000r\000i\000b\000u\000t\000i\000o\000n}{chapter.1}% 7
\BOOKMARK [1][-]{section.1.3}{\376\377\0001\000.\0003\000\040\000O\000r\000g\000a\000n\000i\000z\000a\000t\000i\000o\000n\000s}{chapter.1}% 8
\BOOKMARK [0][]{chapter.2}{\376\377\0002\000\040\000P\000r\000e\000l\000i\000m\000i\000n\000a\000r\000y}{}% 9
\BOOKMARK [0][]{chapter.3}{\376\377\0003\000\040\000S\000m\000a\000r\000t\000\040\000C\000o\000n\000t\000r\000a\000c\000t\000\040\000S\000p\000e\000c\000i\000f\000i\000c\000a\000t\000i\000o\000n}{}% 10
\BOOKMARK [1][-]{section.3.1}{\376\377\0003\000.\0001\000\040\000P\000r\000o\000p\000o\000s\000i\000t\000i\000o\000n\000a\000l\000\040\000P\000r\000o\000p\000e\000r\000t\000y}{chapter.3}% 11
\BOOKMARK [1][-]{section.3.2}{\376\377\0003\000.\0002\000\040\000T\000e\000m\000p\000o\000r\000a\000l\000\040\000L\000o\000g\000i\000c\000\040\000P\000r\000o\000p\000e\000r\000t\000y}{chapter.3}% 12
\BOOKMARK [1][-]{section.3.3}{\376\377\0003\000.\0003\000\040\000D\000e\000s\000i\000g\000n\000\040\000M\000o\000d\000e\000l}{chapter.3}% 13
\BOOKMARK [2][-]{subsection.3.3.1}{\376\377\0003\000.\0003\000.\0001\000\040\000C\000a\000s\000e\000\040\000S\000t\000u\000d\000y}{section.3.3}% 14
\BOOKMARK [0][]{chapter.4}{\376\377\0004\000\040\000T\000h\000e\000\040\000A\000c\000c\000e\000s\000s\000\040\000C\000o\000n\000t\000r\000o\000l\000\040\000o\000f\000\040\000S\000m\000a\000r\000t\000\040\000C\000o\000n\000t\000r\000a\000c\000t\000s}{}% 15
\BOOKMARK [1][-]{section.4.1}{\376\377\0004\000.\0001\000\040\000A\000c\000c\000e\000s\000s\000\040\000C\000o\000n\000t\000r\000o\000l\000\040\000P\000a\000t\000t\000e\000r\000n\000s}{chapter.4}% 16
\BOOKMARK [1][-]{section.4.2}{\376\377\0004\000.\0002\000\040\000S\000t\000a\000t\000e\000-\000B\000a\000s\000e\000d\000\040\000A\000c\000c\000e\000s\000s\000\040\000C\000o\000n\000t\000r\000o\000l}{chapter.4}% 17
\BOOKMARK [1][-]{section.4.3}{\376\377\0004\000.\0003\000\040\000R\000o\000l\000e\000-\000B\000a\000s\000e\000d\000\040\000A\000c\000c\000e\000s\000s\000\040\000C\000o\000n\000t\000r\000o\000l}{chapter.4}% 18
\BOOKMARK [1][-]{section.4.4}{\376\377\0004\000.\0004\000\040\000C\000a\000s\000e\000\040\000S\000t\000u\000d\000y}{chapter.4}% 19
\BOOKMARK [0][]{chapter.5}{\376\377\0005\000\040\000S\000m\000a\000r\000t\000\040\000C\000o\000n\000t\000r\000a\000c\000t\000\040\000F\000a\000i\000r\000n\000e\000s\000s}{}% 20
\BOOKMARK [1][-]{section.5.1}{\376\377\0005\000.\0001\000\040\000F\000a\000i\000r\000n\000e\000s\000s}{chapter.5}% 21
\BOOKMARK [1][-]{section.5.2}{\376\377\0005\000.\0002\000\040\000A\000n\000a\000l\000y\000s\000i\000s\000\040\000F\000r\000a\000m\000e\000w\000o\000r\000k}{chapter.5}% 22
\BOOKMARK [1][-]{section.5.3}{\376\377\0005\000.\0003\000\040\000C\000a\000s\000e\000\040\000S\000t\000u\000d\000y}{chapter.5}% 23
\BOOKMARK [1][-]{section.5.4}{\376\377\0005\000.\0004\000\040\000T\000h\000e\000\040\000A\000n\000a\000l\000y\000s\000i\000s\000\040\000F\000r\000a\000m\000e\000w\000o\000r\000k\000\040\000f\000o\000r\000\040\000S\000m\000a\000r\000t\000\040\000C\000o\000n\000t\000r\000a\000c\000t\000\040\000F\000a\000i\000r\000n\000e\000s\000s}{chapter.5}% 24
\BOOKMARK [2][-]{subsection.5.4.1}{\376\377\0005\000.\0004\000.\0001\000\040\000S\000m\000a\000r\000t\000\040\000C\000o\000n\000t\000r\000a\000c\000t\000s\000\040\000a\000s\000\040\000M\000e\000c\000h\000a\000n\000i\000s\000m\000\040\000M\000o\000d\000e\000l\000s}{section.5.4}% 25
\BOOKMARK [0][]{chapter.6}{\376\377\0006\000\040\000V\000e\000r\000i\000f\000i\000c\000a\000t\000i\000o\000n\000\040\000T\000e\000c\000h\000n\000i\000q\000u\000e\000s}{}% 26
\BOOKMARK [1][-]{section.6.1}{\376\377\0006\000.\0001\000\040\000T\000e\000s\000t\000i\000n\000g}{chapter.6}% 27
\BOOKMARK [1][-]{section.6.2}{\376\377\0006\000.\0002\000\040\000M\000o\000d\000e\000l\000\040\000C\000h\000e\000c\000k\000i\000n\000g}{chapter.6}% 28
\BOOKMARK [1][-]{section.6.3}{\376\377\0006\000.\0003\000\040\000B\000o\000u\000n\000d\000e\000d\000\040\000P\000r\000o\000p\000e\000r\000t\000y\000\040\000C\000h\000e\000c\000k\000i\000n\000g}{chapter.6}% 29
\BOOKMARK [1][-]{section.6.4}{\376\377\0006\000.\0004\000\040\000P\000r\000o\000v\000i\000n\000g\000\040\000v\000i\000a\000\040\000I\000n\000v\000a\000r\000i\000a\000n\000t}{chapter.6}% 30
\BOOKMARK [0][]{chapter.7}{\376\377\0007\000\040\000T\000o\000w\000a\000r\000d\000\040\000A\000u\000t\000o\000m\000a\000t\000e\000d\000\040\000V\000e\000r\000i\000f\000i\000c\000a\000t\000i\000o\000n\000\040\000o\000f\000\040\000S\000m\000a\000r\000t\000\040\000C\000o\000n\000t\000r\000a\000c\000t\000\040\000F\000a\000i\000r\000n\000e\000s\000s}{}% 31
\BOOKMARK [1][-]{section.7.1}{\376\377\0007\000.\0001\000\040\000I\000n\000t\000r\000o\000d\000u\000c\000t\000i\000o\000n}{chapter.7}% 32
\BOOKMARK [1][-]{section.7.2}{\376\377\0007\000.\0002\000\040\000F\000a\000i\000r\000C\000o\000n\000\040\000b\000y\000\040\000E\000x\000a\000m\000p\000l\000e}{chapter.7}% 33
\BOOKMARK [1][-]{section.7.3}{\376\377\0007\000.\0003\000\040\000T\000h\000e\000\040\000A\000n\000a\000l\000y\000s\000i\000s\000\040\000F\000r\000a\000m\000e\000w\000o\000r\000k\000\040\000f\000o\000r\000\040\000S\000m\000a\000r\000t\000\040\000C\000o\000n\000t\000r\000a\000c\000t\000\040\000F\000a\000i\000r\000n\000e\000s\000s}{chapter.7}% 34
\BOOKMARK [2][-]{subsection.7.3.1}{\376\377\0007\000.\0003\000.\0001\000\040\000S\000m\000a\000r\000t\000\040\000C\000o\000n\000t\000r\000a\000c\000t\000s\000\040\000a\000s\000\040\000M\000e\000c\000h\000a\000n\000i\000s\000m\000\040\000M\000o\000d\000e\000l\000s}{section.7.3}% 35
\BOOKMARK [2][-]{subsection.7.3.2}{\376\377\0007\000.\0003\000.\0002\000\040\000F\000a\000i\000r\000n\000e\000s\000s\000\040\000P\000r\000o\000p\000e\000r\000t\000i\000e\000s}{section.7.3}% 36
\BOOKMARK [2][-]{subsection.7.3.3}{\376\377\0007\000.\0003\000.\0003\000\040\000M\000e\000c\000h\000a\000n\000i\000s\000m\000\040\000M\000o\000d\000e\000l\000i\000n\000g\000\040\000L\000a\000n\000g\000u\000a\000g\000e}{section.7.3}% 37
\BOOKMARK [1][-]{section.7.4}{\376\377\0007\000.\0004\000\040\000T\000h\000e\000\040\000F\000a\000i\000r\000C\000o\000n\000\040\000F\000r\000a\000m\000e\000w\000o\000r\000k}{chapter.7}% 38
\BOOKMARK [2][-]{subsection.7.4.1}{\376\377\0007\000.\0004\000.\0001\000\040\000M\000e\000c\000h\000a\000n\000i\000s\000m\000\040\000M\000o\000d\000e\000l\000\040\000E\000x\000t\000r\000a\000c\000t\000i\000o\000n}{section.7.4}% 39
\BOOKMARK [2][-]{subsection.7.4.2}{\376\377\0007\000.\0004\000.\0002\000\040\000B\000o\000u\000n\000d\000e\000d\000\040\000P\000r\000o\000p\000e\000r\000t\000y\000\040\000C\000h\000e\000c\000k\000i\000n\000g}{section.7.4}% 40
\BOOKMARK [2][-]{subsection.7.4.3}{\376\377\0007\000.\0004\000.\0003\000\040\000F\000o\000r\000m\000a\000l\000\040\000P\000r\000o\000o\000f\000\040\000f\000o\000r\000\040\000U\000n\000b\000o\000u\000n\000d\000e\000d\000\040\000M\000o\000d\000e\000l}{section.7.4}% 41
\BOOKMARK [1][-]{section.7.5}{\376\377\0007\000.\0005\000\040\000I\000m\000p\000l\000e\000m\000e\000n\000t\000a\000t\000i\000o\000n\000\040\000a\000n\000d\000\040\000E\000v\000a\000l\000u\000a\000t\000i\000o\000n}{chapter.7}% 42
\BOOKMARK [2][-]{subsection.7.5.1}{\376\377\0007\000.\0005\000.\0001\000\040\000E\000x\000p\000e\000r\000i\000m\000e\000n\000t\000\040\000S\000e\000t\000u\000p}{section.7.5}% 43
\BOOKMARK [2][-]{subsection.7.5.2}{\376\377\0007\000.\0005\000.\0002\000\040\000E\000x\000p\000e\000r\000i\000m\000e\000n\000t\000\040\000R\000e\000s\000u\000l\000t\000s}{section.7.5}% 44
\BOOKMARK [2][-]{subsection.7.5.3}{\376\377\0007\000.\0005\000.\0003\000\040\000T\000h\000r\000e\000a\000t\000s\000\040\000t\000o\000\040\000V\000a\000l\000i\000d\000i\000t\000y}{section.7.5}% 45
\BOOKMARK [1][-]{section.7.6}{\376\377\0007\000.\0006\000\040\000R\000e\000l\000a\000t\000e\000d\000\040\000W\000o\000r\000k}{chapter.7}% 46
\BOOKMARK [2][-]{subsection.7.6.1}{\376\377\0007\000.\0006\000.\0001\000\040\000S\000m\000a\000r\000t\000\040\000C\000o\000n\000t\000r\000a\000c\000t\000\040\000A\000n\000a\000l\000y\000s\000i\000s\000\040\000a\000n\000d\000\040\000V\000e\000r\000i\000f\000i\000c\000a\000t\000i\000o\000n}{section.7.6}% 47
\BOOKMARK [2][-]{subsection.7.6.2}{\376\377\0007\000.\0006\000.\0002\000\040\000F\000a\000i\000r\000n\000e\000s\000s\000\040\000C\000h\000e\000c\000k\000i\000n\000g\000\040\000i\000n\000\040\000S\000o\000f\000t\000w\000a\000r\000e\000\040\000S\000y\000s\000t\000e\000m\000s}{section.7.6}% 48
\BOOKMARK [2][-]{subsection.7.6.3}{\376\377\0007\000.\0006\000.\0003\000\040\000M\000e\000c\000h\000a\000n\000i\000s\000m\000\040\000D\000e\000s\000i\000g\000n\000\040\000a\000n\000d\000\040\000G\000a\000m\000e\000\040\000T\000h\000e\000o\000r\000y}{section.7.6}% 49
\BOOKMARK [1][-]{section.7.7}{\376\377\0007\000.\0007\000\040\000C\000o\000n\000c\000l\000u\000s\000i\000o\000n\000\040\000a\000n\000d\000\040\000F\000u\000t\000u\000r\000e\000\040\000W\000o\000r\000k}{chapter.7}% 50
\BOOKMARK [0][]{chapter.8}{\376\377\0008\000\040\000M\000o\000d\000C\000o\000n\000:\000\040\000a\000\040\000m\000o\000d\000e\000l\000-\000b\000a\000s\000e\000d\000\040\000t\000e\000s\000t\000i\000n\000g\000\040\000p\000l\000a\000t\000f\000o\000r\000m\000\040\000f\000o\000r\000\040\000s\000m\000a\000r\000t\000\040\000c\000o\000n\000t\000r\000a\000c\000t\000s}{}% 51
\BOOKMARK [1][-]{section.8.1}{\376\377\0008\000.\0001\000\040\000I\000n\000t\000r\000o\000d\000u\000c\000t\000i\000o\000n}{chapter.8}% 52
\BOOKMARK [1][-]{section.8.2}{\376\377\0008\000.\0002\000\040\000M\000o\000d\000C\000o\000n\000\040\000O\000v\000e\000r\000v\000i\000e\000w}{chapter.8}% 53
\BOOKMARK [2][-]{subsection.8.2.1}{\376\377\0008\000.\0002\000.\0001\000\040\000U\000s\000e\000r\000\040\000I\000n\000t\000e\000r\000f\000a\000c\000e}{section.8.2}% 54
\BOOKMARK [2][-]{subsection.8.2.2}{\376\377\0008\000.\0002\000.\0002\000\040\000B\000a\000c\000k\000-\000E\000n\000d\000\040\000I\000m\000p\000l\000e\000m\000e\000n\000t\000a\000t\000i\000o\000n}{section.8.2}% 55
\BOOKMARK [1][-]{section.8.3}{\376\377\0008\000.\0003\000\040\000E\000v\000a\000l\000u\000a\000t\000i\000o\000n}{chapter.8}% 56
\BOOKMARK [1][-]{section.8.4}{\376\377\0008\000.\0004\000\040\000R\000e\000l\000a\000t\000e\000d\000\040\000W\000o\000r\000k}{chapter.8}% 57
\BOOKMARK [1][-]{section.8.5}{\376\377\0008\000.\0005\000\040\000C\000o\000n\000c\000l\000u\000s\000i\000o\000n}{chapter.8}% 58
\BOOKMARK [0][]{chapter.9}{\376\377\0009\000\040\000F\000u\000t\000u\000r\000e\000\040\000W\000o\000r\000k}{}% 59
\BOOKMARK [0][]{chapter.10}{\376\377\0001\0000\000\040\000C\000o\000n\000c\000l\000u\000s\000i\000o\000n}{}% 60
\BOOKMARK [0][]{dummy.5}{\376\377\000B\000i\000b\000l\000i\000o\000g\000r\000a\000p\000h\000y}{}% 61
